::1 - - [26/May/2021:18:35:04 +0000] "GET / HTTP/1.1" - - "-" "-" 1 "-" "-" 0ms
{"level":"info","msg":"Traefik version dev built on I don't remember exactly","time":"2021-05-26T21:35:37+03:00"}
{"level":"debug","msg":"Static configuration loaded {\"global\":{\"checkNewVersion\":true,\"sendAnonymousUsage\":true},\"serversTransport\":{\"maxIdleConnsPerHost\":200},\"entryPoints\":{\"web\":{\"address\":\":8080\",\"transport\":{\"lifeCycle\":{\"graceTimeOut\":10000000000},\"respondingTimeouts\":{\"idleTimeout\":180000000000}},\"forwardedHeaders\":{},\"http\":{},\"udp\":{\"timeout\":3000000000}},\"websecure\":{\"address\":\":8443\",\"transport\":{\"lifeCycle\":{\"graceTimeOut\":10000000000},\"respondingTimeouts\":{\"idleTimeout\":180000000000}},\"forwardedHeaders\":{},\"http\":{},\"udp\":{\"timeout\":3000000000}}},\"providers\":{\"providersThrottleDuration\":2000000000},\"log\":{\"level\":\"DEBUG\",\"filePath\":\"os.Stdout\",\"format\":\"json\"},\"accessLog\":{\"filePath\":\"os.Stdout\",\"format\":\"json\",\"filters\":{},\"fields\":{\"defaultMode\":\"keep\",\"headers\":{\"defaultMode\":\"drop\"}}},\"pilot\":{\"dashboard\":true}}","time":"2021-05-26T21:35:37+03:00"}
{"level":"info","msg":"Stats collection is enabled.","time":"2021-05-26T21:35:37+03:00"}
{"level":"info","msg":"Many thanks for contributing to Traefik's improvement by allowing us to receive anonymous information from your configuration.","time":"2021-05-26T21:35:37+03:00"}
{"level":"info","msg":"Help us improve Traefik by leaving this feature on :)","time":"2021-05-26T21:35:37+03:00"}
{"level":"info","msg":"More details on: https://doc.traefik.io/traefik/contributing/data-collection/","time":"2021-05-26T21:35:37+03:00"}
{"level":"info","msg":"Starting provider aggregator.ProviderAggregator {}","time":"2021-05-26T21:35:37+03:00"}
{"entryPointName":"websecure","level":"debug","msg":"Start TCP Server","time":"2021-05-26T21:35:37+03:00"}
{"entryPointName":"web","level":"debug","msg":"Start TCP Server","time":"2021-05-26T21:35:37+03:00"}
{"level":"info","msg":"Starting provider *traefik.Provider {}","time":"2021-05-26T21:35:37+03:00"}
{"level":"info","msg":"Starting provider *acme.ChallengeTLSALPN {\"Timeout\":4000000000}","time":"2021-05-26T21:35:37+03:00"}
{"level":"debug","msg":"Configuration received from provider internal: {\"http\":{\"services\":{\"noop\":{}},\"serversTransports\":{\"default\":{\"maxIdleConnsPerHost\":200}}},\"tcp\":{},\"tls\":{}}","providerName":"internal","time":"2021-05-26T21:35:37+03:00"}
{"level":"debug","msg":"No default certificate, generating one","time":"2021-05-26T21:35:37+03:00"}
{"level":"debug","msg":"No default certificate, generating one","time":"2021-05-26T21:35:37+03:00"}
{"ClientAddr":"[::1]:34246","ClientHost":"::1","ClientPort":"34246","ClientUsername":"-","DownstreamContentSize":19,"DownstreamStatus":404,"Duration":36054,"Overhead":36054,"RequestAddr":"localhost:8443","RequestContentSize":0,"RequestCount":1,"RequestHost":"localhost","RequestMethod":"GET","RequestPath":"/","RequestPort":"8443","RequestProtocol":"HTTP/1.1","RequestScheme":"http","RetryAttempts":0,"StartLocal":"2021-05-26T21:35:38.329483654+03:00","StartUTC":"2021-05-26T18:35:38.329483654Z","level":"info","msg":"","time":"2021-05-26T21:35:38+03:00"}
{"ClientAddr":"[::1]:34246","ClientHost":"::1","ClientPort":"34246","ClientUsername":"-","DownstreamContentSize":19,"DownstreamStatus":404,"Duration":24140,"Overhead":24140,"RequestAddr":"localhost:8443","RequestContentSize":0,"RequestCount":2,"RequestHost":"localhost","RequestMethod":"GET","RequestPath":"/","RequestPort":"8443","RequestProtocol":"HTTP/1.1","RequestScheme":"http","RetryAttempts":0,"StartLocal":"2021-05-26T21:35:38.992383981+03:00","StartUTC":"2021-05-26T18:35:38.992383981Z","level":"info","msg":"","time":"2021-05-26T21:35:38+03:00"}
{"ClientAddr":"[::1]:34246","ClientHost":"::1","ClientPort":"34246","ClientUsername":"-","DownstreamContentSize":19,"DownstreamStatus":404,"Duration":125565,"Overhead":125565,"RequestAddr":"localhost:8443","RequestContentSize":0,"RequestCount":3,"RequestHost":"localhost","RequestMethod":"GET","RequestPath":"/","RequestPort":"8443","RequestProtocol":"HTTP/1.1","RequestScheme":"http","RetryAttempts":0,"StartLocal":"2021-05-26T21:35:39.341112696+03:00","StartUTC":"2021-05-26T18:35:39.341112696Z","level":"info","msg":"","time":"2021-05-26T21:35:39+03:00"}
{"ClientAddr":"[::1]:34246","ClientHost":"::1","ClientPort":"34246","ClientUsername":"-","DownstreamContentSize":19,"DownstreamStatus":404,"Duration":110885,"Overhead":110885,"RequestAddr":"localhost:8443","RequestContentSize":0,"RequestCount":4,"RequestHost":"localhost","RequestMethod":"GET","RequestPath":"/","RequestPort":"8443","RequestProtocol":"HTTP/1.1","RequestScheme":"http","RetryAttempts":0,"StartLocal":"2021-05-26T21:35:39.582179726+03:00","StartUTC":"2021-05-26T18:35:39.582179726Z","level":"info","msg":"","time":"2021-05-26T21:35:39+03:00"}
{"ClientAddr":"[::1]:34246","ClientHost":"::1","ClientPort":"34246","ClientUsername":"-","DownstreamContentSize":19,"DownstreamStatus":404,"Duration":23849,"Overhead":23849,"RequestAddr":"localhost:8443","RequestContentSize":0,"RequestCount":5,"RequestHost":"localhost","RequestMethod":"GET","RequestPath":"/","RequestPort":"8443","RequestProtocol":"HTTP/1.1","RequestScheme":"http","RetryAttempts":0,"StartLocal":"2021-05-26T21:35:41.840778853+03:00","StartUTC":"2021-05-26T18:35:41.840778853Z","level":"info","msg":"","time":"2021-05-26T21:35:41+03:00"}
{"ClientAddr":"[::1]:34246","ClientHost":"::1","ClientPort":"34246","ClientUsername":"-","DownstreamContentSize":19,"DownstreamStatus":404,"Duration":145850,"Overhead":145850,"RequestAddr":"localhost:8443","RequestContentSize":0,"RequestCount":6,"RequestHost":"localhost","RequestMethod":"GET","RequestPath":"/","RequestPort":"8443","RequestProtocol":"HTTP/1.1","RequestScheme":"http","RetryAttempts":0,"StartLocal":"2021-05-26T21:35:42.205272604+03:00","StartUTC":"2021-05-26T18:35:42.205272604Z","level":"info","msg":"","time":"2021-05-26T21:35:42+03:00"}
{"ClientAddr":"[::1]:34246","ClientHost":"::1","ClientPort":"34246","ClientUsername":"-","DownstreamContentSize":19,"DownstreamStatus":404,"Duration":122862,"Overhead":122862,"RequestAddr":"localhost:8443","RequestContentSize":0,"RequestCount":7,"RequestHost":"localhost","RequestMethod":"GET","RequestPath":"/","RequestPort":"8443","RequestProtocol":"HTTP/1.1","RequestScheme":"http","RetryAttempts":0,"StartLocal":"2021-05-26T21:35:42.405467142+03:00","StartUTC":"2021-05-26T18:35:42.405467142Z","level":"info","msg":"","time":"2021-05-26T21:35:42+03:00"}
{"ClientAddr":"[::1]:34246","ClientHost":"::1","ClientPort":"34246","ClientUsername":"-","DownstreamContentSize":19,"DownstreamStatus":404,"Duration":86572,"Overhead":86572,"RequestAddr":"localhost:8443","RequestContentSize":0,"RequestCount":8,"RequestHost":"localhost","RequestMethod":"GET","RequestPath":"/","RequestPort":"8443","RequestProtocol":"HTTP/1.1","RequestScheme":"http","RetryAttempts":0,"StartLocal":"2021-05-26T21:35:42.61396086+03:00","StartUTC":"2021-05-26T18:35:42.61396086Z","level":"info","msg":"","time":"2021-05-26T21:35:42+03:00"}
{"ClientAddr":"[::1]:34246","ClientHost":"::1","ClientPort":"34246","ClientUsername":"-","DownstreamContentSize":19,"DownstreamStatus":404,"Duration":145765,"Overhead":145765,"RequestAddr":"localhost:8443","RequestContentSize":0,"RequestCount":9,"RequestHost":"localhost","RequestMethod":"GET","RequestPath":"/","RequestPort":"8443","RequestProtocol":"HTTP/1.1","RequestScheme":"http","RetryAttempts":0,"StartLocal":"2021-05-26T21:35:42.78956939+03:00","StartUTC":"2021-05-26T18:35:42.78956939Z","level":"info","msg":"","time":"2021-05-26T21:35:42+03:00"}
{"ClientAddr":"[::1]:34246","ClientHost":"::1","ClientPort":"34246","ClientUsername":"-","DownstreamContentSize":19,"DownstreamStatus":404,"Duration":107542,"Overhead":107542,"RequestAddr":"localhost:8443","RequestContentSize":0,"RequestCount":10,"RequestHost":"localhost","RequestMethod":"GET","RequestPath":"/","RequestPort":"8443","RequestProtocol":"HTTP/1.1","RequestScheme":"http","RetryAttempts":0,"StartLocal":"2021-05-26T21:35:43.021642524+03:00","StartUTC":"2021-05-26T18:35:43.021642524Z","level":"info","msg":"","time":"2021-05-26T21:35:43+03:00"}
time="2021-05-26T21:36:10+03:00" level=info msg="Traefik version dev built on I don't remember exactly"
time="2021-05-26T21:36:10+03:00" level=debug msg="Static configuration loaded {\"global\":{\"checkNewVersion\":true,\"sendAnonymousUsage\":true},\"serversTransport\":{\"maxIdleConnsPerHost\":200},\"entryPoints\":{\"web\":{\"address\":\":8080\",\"transport\":{\"lifeCycle\":{\"graceTimeOut\":10000000000},\"respondingTimeouts\":{\"idleTimeout\":180000000000}},\"forwardedHeaders\":{},\"http\":{},\"udp\":{\"timeout\":3000000000}},\"websecure\":{\"address\":\":8443\",\"transport\":{\"lifeCycle\":{\"graceTimeOut\":10000000000},\"respondingTimeouts\":{\"idleTimeout\":180000000000}},\"forwardedHeaders\":{},\"http\":{},\"udp\":{\"timeout\":3000000000}}},\"providers\":{\"providersThrottleDuration\":2000000000},\"log\":{\"level\":\"DEBUG\",\"filePath\":\"os.Stdout\",\"format\":\"common\"},\"accessLog\":{\"format\":\"common\",\"filters\":{},\"fields\":{\"defaultMode\":\"keep\",\"headers\":{\"defaultMode\":\"drop\"}}},\"pilot\":{\"dashboard\":true}}"
time="2021-05-26T21:36:10+03:00" level=info msg="Stats collection is enabled."
time="2021-05-26T21:36:10+03:00" level=info msg="Many thanks for contributing to Traefik's improvement by allowing us to receive anonymous information from your configuration."
time="2021-05-26T21:36:10+03:00" level=info msg="Help us improve Traefik by leaving this feature on :)"
time="2021-05-26T21:36:10+03:00" level=info msg="More details on: https://doc.traefik.io/traefik/contributing/data-collection/"
time="2021-05-26T21:36:10+03:00" level=info msg="Starting provider aggregator.ProviderAggregator {}"
time="2021-05-26T21:36:10+03:00" level=debug msg="Start TCP Server" entryPointName=websecure
time="2021-05-26T21:36:10+03:00" level=debug msg="Start TCP Server" entryPointName=web
time="2021-05-26T21:36:10+03:00" level=info msg="Starting provider *traefik.Provider {}"
time="2021-05-26T21:36:10+03:00" level=info msg="Starting provider *acme.ChallengeTLSALPN {\"Timeout\":4000000000}"
time="2021-05-26T21:36:10+03:00" level=debug msg="Configuration received from provider internal: {\"http\":{\"services\":{\"noop\":{}},\"serversTransports\":{\"default\":{\"maxIdleConnsPerHost\":200}}},\"tcp\":{},\"tls\":{}}" providerName=internal
time="2021-05-26T21:36:10+03:00" level=debug msg="No default certificate, generating one"
time="2021-05-26T21:36:10+03:00" level=debug msg="No default certificate, generating one"
